# JRE version: OpenJDK Runtime Environment (8.0_362) (build 1.8.0_362-bre_2023_01_22_03_30-b00)
# Java VM: OpenJDK 64-Bit Server VM (25.362-b00 mixed mode bsd-amd64 compressed oops)
Heap:
 PSYoungGen      total 171520K, used 30109K [0x0000000795580000, 0x00000007a2800000, 0x00000007c0000000)
  eden space 163328K, 18% used [0x0000000795580000,0x00000007972e7648,0x000000079f500000)
  from space 8192K, 0% used [0x000000079fe00000,0x000000079fe00000,0x00000007a0600000)
  to   space 9216K, 0% used [0x000000079f500000,0x000000079f500000,0x000000079fe00000)
 ParOldGen       total 90112K, used 13124K [0x0000000740000000, 0x0000000745800000, 0x0000000795580000)
  object space 90112K, 14% used [0x0000000740000000,0x0000000740cd1240,0x0000000745800000)
 Metaspace       used 36040K, capacity 38410K, committed 38656K, reserved 1083392K
  class space    used 5024K, capacity 5524K, committed 5632K, reserved 1048576K
GC Heap History (10 events):
Event: 1.866 GC heap before
{Heap before GC invocations=6 (full 1):
 PSYoungGen      total 71680K, used 5109K [0x0000000795580000, 0x000000079e880000, 0x00000007c0000000)
  eden space 66560K, 0% used [0x0000000795580000,0x0000000795580000,0x0000000799680000)
  from space 5120K, 99% used [0x0000000799680000,0x0000000799b7d670,0x0000000799b80000)
  to   space 8704K, 0% used [0x000000079e000000,0x000000079e000000,0x000000079e880000)
 ParOldGen       total 87552K, used 5363K [0x0000000740000000, 0x0000000745580000, 0x0000000795580000)
  object space 87552K, 6% used [0x0000000740000000,0x000000074053cf10,0x0000000745580000)
 Metaspace       used 19881K, capacity 21186K, committed 21296K, reserved 1067008K
  class space    used 2588K, capacity 2863K, committed 2944K, reserved 1048576K
Event: 1.886 GC heap after
Heap after GC invocations=6 (full 1):
 PSYoungGen      total 71680K, used 0K [0x0000000795580000, 0x000000079e880000, 0x00000007c0000000)
  eden space 66560K, 0% used [0x0000000795580000,0x0000000795580000,0x0000000799680000)
  from space 5120K, 0% used [0x0000000799680000,0x0000000799680000,0x0000000799b80000)
  to   space 8704K, 0% used [0x000000079e000000,0x000000079e000000,0x000000079e880000)
 ParOldGen       total 56320K, used 6604K [0x0000000740000000, 0x0000000743700000, 0x0000000795580000)
  object space 56320K, 11% used [0x0000000740000000,0x0000000740673058,0x0000000743700000)
 Metaspace       used 19881K, capacity 21186K, committed 21296K, reserved 1067008K
  class space    used 2588K, capacity 2863K, committed 2944K, reserved 1048576K
}
Event: 2.238 GC heap before
{Heap before GC invocations=7 (full 1):
 PSYoungGen      total 71680K, used 66560K [0x0000000795580000, 0x000000079e880000, 0x00000007c0000000)
  eden space 66560K, 100% used [0x0000000795580000,0x0000000799680000,0x0000000799680000)
  from space 5120K, 0% used [0x0000000799680000,0x0000000799680000,0x0000000799b80000)
  to   space 8704K, 0% used [0x000000079e000000,0x000000079e000000,0x000000079e880000)
 ParOldGen       total 56320K, used 6604K [0x0000000740000000, 0x0000000743700000, 0x0000000795580000)
  object space 56320K, 11% used [0x0000000740000000,0x0000000740673058,0x0000000743700000)
 Metaspace       used 23421K, capacity 25194K, committed 25344K, reserved 1071104K
  class space    used 3155K, capacity 3542K, committed 3584K, reserved 1048576K
Event: 2.241 GC heap after
Heap after GC invocations=7 (full 1):
 PSYoungGen      total 108544K, used 3854K [0x0000000795580000, 0x000000079e400000, 0x00000007c0000000)
  eden space 104448K, 0% used [0x0000000795580000,0x0000000795580000,0x000000079bb80000)
  from space 4096K, 94% used [0x000000079e000000,0x000000079e3c3b38,0x000000079e400000)
  to   space 8704K, 0% used [0x000000079d300000,0x000000079d300000,0x000000079db80000)
 ParOldGen       total 56320K, used 6612K [0x0000000740000000, 0x0000000743700000, 0x0000000795580000)
  object space 56320K, 11% used [0x0000000740000000,0x0000000740675058,0x0000000743700000)
 Metaspace       used 23421K, capacity 25194K, committed 25344K, reserved 1071104K
  class space    used 3155K, capacity 3542K, committed 3584K, reserved 1048576K
}
Event: 2.729 GC heap before
{Heap before GC invocations=8 (full 1):
 PSYoungGen      total 108544K, used 108302K [0x0000000795580000, 0x000000079e400000, 0x00000007c0000000)
  eden space 104448K, 100% used [0x0000000795580000,0x000000079bb80000,0x000000079bb80000)
  from space 4096K, 94% used [0x000000079e000000,0x000000079e3c3b38,0x000000079e400000)
  to   space 8704K, 0% used [0x000000079d300000,0x000000079d300000,0x000000079db80000)
 ParOldGen       total 56320K, used 6612K [0x0000000740000000, 0x0000000743700000, 0x0000000795580000)
  object space 56320K, 11% used [0x0000000740000000,0x0000000740675058,0x0000000743700000)
 Metaspace       used 26531K, capacity 28314K, committed 28416K, reserved 1073152K
  class space    used 3730K, capacity 4092K, committed 4096K, reserved 1048576K
Event: 2.737 GC heap after
Heap after GC invocations=8 (full 1):
 PSYoungGen      total 137216K, used 5599K [0x0000000795580000, 0x00000007a0600000, 0x00000007c0000000)
  eden space 128512K, 0% used [0x0000000795580000,0x0000000795580000,0x000000079d300000)
  from space 8704K, 64% used [0x000000079d300000,0x000000079d877db8,0x000000079db80000)
  to   space 8192K, 0% used [0x000000079fe00000,0x000000079fe00000,0x00000007a0600000)
 ParOldGen       total 56320K, used 6620K [0x0000000740000000, 0x0000000743700000, 0x0000000795580000)
  object space 56320K, 11% used [0x0000000740000000,0x0000000740677058,0x0000000743700000)
 Metaspace       used 26531K, capacity 28314K, committed 28416K, reserved 1073152K
  class space    used 3730K, capacity 4092K, committed 4096K, reserved 1048576K
}
Event: 3.778 GC heap before
{Heap before GC invocations=9 (full 1):
 PSYoungGen      total 137216K, used 70427K [0x0000000795580000, 0x00000007a0600000, 0x00000007c0000000)
  eden space 128512K, 50% used [0x0000000795580000,0x00000007994cee48,0x000000079d300000)
  from space 8704K, 64% used [0x000000079d300000,0x000000079d877db8,0x000000079db80000)
  to   space 8192K, 0% used [0x000000079fe00000,0x000000079fe00000,0x00000007a0600000)
 ParOldGen       total 56320K, used 6620K [0x0000000740000000, 0x0000000743700000, 0x0000000795580000)
  object space 56320K, 11% used [0x0000000740000000,0x0000000740677058,0x0000000743700000)
 Metaspace       used 33337K, capacity 35328K, committed 35496K, reserved 1079296K
  class space    used 4595K, capacity 5021K, committed 5120K, reserved 1048576K
Event: 3.784 GC heap after
Heap after GC invocations=9 (full 1):
 PSYoungGen      total 171520K, used 8168K [0x0000000795580000, 0x00000007a2800000, 0x00000007c0000000)
  eden space 163328K, 0% used [0x0000000795580000,0x0000000795580000,0x000000079f500000)
  from space 8192K, 99% used [0x000000079fe00000,0x00000007a05fa360,0x00000007a0600000)
  to   space 9216K, 0% used [0x000000079f500000,0x000000079f500000,0x000000079fe00000)
 ParOldGen       total 56320K, used 6756K [0x0000000740000000, 0x0000000743700000, 0x0000000795580000)
  object space 56320K, 11% used [0x0000000740000000,0x00000007406990d8,0x0000000743700000)
 Metaspace       used 33337K, capacity 35328K, committed 35496K, reserved 1079296K
  class space    used 4595K, capacity 5021K, committed 5120K, reserved 1048576K
}
Event: 3.784 GC heap before
{Heap before GC invocations=10 (full 2):
 PSYoungGen      total 171520K, used 8168K [0x0000000795580000, 0x00000007a2800000, 0x00000007c0000000)
  eden space 163328K, 0% used [0x0000000795580000,0x0000000795580000,0x000000079f500000)
  from space 8192K, 99% used [0x000000079fe00000,0x00000007a05fa360,0x00000007a0600000)
  to   space 9216K, 0% used [0x000000079f500000,0x000000079f500000,0x000000079fe00000)
 ParOldGen       total 56320K, used 6756K [0x0000000740000000, 0x0000000743700000, 0x0000000795580000)
  object space 56320K, 11% used [0x0000000740000000,0x00000007406990d8,0x0000000743700000)
 Metaspace       used 33337K, capacity 35328K, committed 35496K, reserved 1079296K
  class space    used 4595K, capacity 5021K, committed 5120K, reserved 1048576K
Event: 3.825 GC heap after
Heap after GC invocations=10 (full 2):
 PSYoungGen      total 171520K, used 0K [0x0000000795580000, 0x00000007a2800000, 0x00000007c0000000)
  eden space 163328K, 0% used [0x0000000795580000,0x0000000795580000,0x000000079f500000)
  from space 8192K, 0% used [0x000000079fe00000,0x000000079fe00000,0x00000007a0600000)
  to   space 9216K, 0% used [0x000000079f500000,0x000000079f500000,0x000000079fe00000)
 ParOldGen       total 90112K, used 13124K [0x0000000740000000, 0x0000000745800000, 0x0000000795580000)
  object space 90112K, 14% used [0x0000000740000000,0x0000000740cd1240,0x0000000745800000)
 Metaspace       used 33337K, capacity 35328K, committed 35496K, reserved 1079296K
  class space    used 4595K, capacity 5021K, committed 5120K, reserved 1048576K
}

