# JRE version: OpenJDK Runtime Environment (8.0_362) (build 1.8.0_362-bre_2023_01_22_03_30-b00)
# Java VM: OpenJDK 64-Bit Server VM (25.362-b00 mixed mode bsd-amd64 compressed oops)
Heap:
 PSYoungGen      total 114176K, used 29295K [0x0000000795580000, 0x000000079d280000, 0x00000007c0000000)
  eden space 104448K, 28% used [0x0000000795580000,0x000000079721be78,0x000000079bb80000)
  from space 9728K, 0% used [0x000000079c480000,0x000000079c480000,0x000000079ce00000)
  to   space 9216K, 0% used [0x000000079bb80000,0x000000079bb80000,0x000000079c480000)
 ParOldGen       total 85504K, used 10259K [0x0000000740000000, 0x0000000745380000, 0x0000000795580000)
  object space 85504K, 11% used [0x0000000740000000,0x0000000740a04d18,0x0000000745380000)
 Metaspace       used 36013K, capacity 38410K, committed 38656K, reserved 1083392K
  class space    used 5023K, capacity 5524K, committed 5632K, reserved 1048576K
GC Heap History (10 events):
Event: 2.020 GC heap before
{Heap before GC invocations=8 (full 1):
 PSYoungGen      total 53760K, used 53525K [0x0000000795580000, 0x000000079a080000, 0x00000007c0000000)
  eden space 51712K, 100% used [0x0000000795580000,0x0000000798800000,0x0000000798800000)
  from space 2048K, 88% used [0x0000000799e80000,0x000000079a045528,0x000000079a080000)
  to   space 9216K, 0% used [0x0000000798e80000,0x0000000798e80000,0x0000000799780000)
 ParOldGen       total 58368K, used 6600K [0x0000000740000000, 0x0000000743900000, 0x0000000795580000)
  object space 58368K, 11% used [0x0000000740000000,0x00000007406723c0,0x0000000743900000)
 Metaspace       used 24011K, capacity 25770K, committed 25984K, reserved 1071104K
  class space    used 3292K, capacity 3670K, committed 3712K, reserved 1048576K
Event: 2.023 GC heap after
Heap after GC invocations=8 (full 1):
 PSYoungGen      total 67584K, used 3359K [0x0000000795580000, 0x000000079b500000, 0x00000007c0000000)
  eden space 58368K, 0% used [0x0000000795580000,0x0000000795580000,0x0000000798e80000)
  from space 9216K, 36% used [0x0000000798e80000,0x00000007991c7c50,0x0000000799780000)
  to   space 9216K, 0% used [0x000000079ac00000,0x000000079ac00000,0x000000079b500000)
 ParOldGen       total 58368K, used 6608K [0x0000000740000000, 0x0000000743900000, 0x0000000795580000)
  object space 58368K, 11% used [0x0000000740000000,0x00000007406743c0,0x0000000743900000)
 Metaspace       used 24011K, capacity 25770K, committed 25984K, reserved 1071104K
  class space    used 3292K, capacity 3670K, committed 3712K, reserved 1048576K
}
Event: 2.253 GC heap before
{Heap before GC invocations=9 (full 1):
 PSYoungGen      total 67584K, used 61727K [0x0000000795580000, 0x000000079b500000, 0x00000007c0000000)
  eden space 58368K, 100% used [0x0000000795580000,0x0000000798e80000,0x0000000798e80000)
  from space 9216K, 36% used [0x0000000798e80000,0x00000007991c7c50,0x0000000799780000)
  to   space 9216K, 0% used [0x000000079ac00000,0x000000079ac00000,0x000000079b500000)
 ParOldGen       total 58368K, used 6608K [0x0000000740000000, 0x0000000743900000, 0x0000000795580000)
  object space 58368K, 11% used [0x0000000740000000,0x00000007406743c0,0x0000000743900000)
 Metaspace       used 25830K, capacity 27634K, committed 27904K, reserved 1073152K
  class space    used 3644K, capacity 4002K, committed 4096K, reserved 1048576K
Event: 2.256 GC heap after
Heap after GC invocations=9 (full 1):
 PSYoungGen      total 89088K, used 3982K [0x0000000795580000, 0x000000079be80000, 0x00000007c0000000)
  eden space 79872K, 0% used [0x0000000795580000,0x0000000795580000,0x000000079a380000)
  from space 9216K, 43% used [0x000000079ac00000,0x000000079afe3928,0x000000079b500000)
  to   space 8704K, 0% used [0x000000079a380000,0x000000079a380000,0x000000079ac00000)
 ParOldGen       total 58368K, used 6616K [0x0000000740000000, 0x0000000743900000, 0x0000000795580000)
  object space 58368K, 11% used [0x0000000740000000,0x00000007406763c0,0x0000000743900000)
 Metaspace       used 25830K, capacity 27634K, committed 27904K, reserved 1073152K
  class space    used 3644K, capacity 4002K, committed 4096K, reserved 1048576K
}
Event: 3.475 GC heap before
{Heap before GC invocations=10 (full 1):
 PSYoungGen      total 89088K, used 83854K [0x0000000795580000, 0x000000079be80000, 0x00000007c0000000)
  eden space 79872K, 100% used [0x0000000795580000,0x000000079a380000,0x000000079a380000)
  from space 9216K, 43% used [0x000000079ac00000,0x000000079afe3928,0x000000079b500000)
  to   space 8704K, 0% used [0x000000079a380000,0x000000079a380000,0x000000079ac00000)
 ParOldGen       total 58368K, used 6616K [0x0000000740000000, 0x0000000743900000, 0x0000000795580000)
  object space 58368K, 11% used [0x0000000740000000,0x00000007406763c0,0x0000000743900000)
 Metaspace       used 32707K, capacity 34706K, committed 34944K, reserved 1079296K
  class space    used 4505K, capacity 4946K, committed 4992K, reserved 1048576K
Event: 3.481 GC heap after
Heap after GC invocations=10 (full 1):
 PSYoungGen      total 88576K, used 7888K [0x0000000795580000, 0x000000079ce00000, 0x00000007c0000000)
  eden space 79872K, 0% used [0x0000000795580000,0x0000000795580000,0x000000079a380000)
  from space 8704K, 90% used [0x000000079a380000,0x000000079ab341f8,0x000000079ac00000)
  to   space 9728K, 0% used [0x000000079c480000,0x000000079c480000,0x000000079ce00000)
 ParOldGen       total 58368K, used 6960K [0x0000000740000000, 0x0000000743900000, 0x0000000795580000)
  object space 58368K, 11% used [0x0000000740000000,0x00000007406cc3c0,0x0000000743900000)
 Metaspace       used 32707K, capacity 34706K, committed 34944K, reserved 1079296K
  class space    used 4505K, capacity 4946K, committed 4992K, reserved 1048576K
}
Event: 3.587 GC heap before
{Heap before GC invocations=11 (full 1):
 PSYoungGen      total 88576K, used 16757K [0x0000000795580000, 0x000000079ce00000, 0x00000007c0000000)
  eden space 79872K, 11% used [0x0000000795580000,0x0000000795e293a8,0x000000079a380000)
  from space 8704K, 90% used [0x000000079a380000,0x000000079ab341f8,0x000000079ac00000)
  to   space 9728K, 0% used [0x000000079c480000,0x000000079c480000,0x000000079ce00000)
 ParOldGen       total 58368K, used 6960K [0x0000000740000000, 0x0000000743900000, 0x0000000795580000)
  object space 58368K, 11% used [0x0000000740000000,0x00000007406cc3c0,0x0000000743900000)
 Metaspace       used 33324K, capacity 35328K, committed 35496K, reserved 1079296K
  class space    used 4595K, capacity 5021K, committed 5120K, reserved 1048576K
Event: 3.591 GC heap after
Heap after GC invocations=11 (full 1):
 PSYoungGen      total 114176K, used 4112K [0x0000000795580000, 0x000000079d280000, 0x00000007c0000000)
  eden space 104448K, 0% used [0x0000000795580000,0x0000000795580000,0x000000079bb80000)
  from space 9728K, 42% used [0x000000079c480000,0x000000079c8840e0,0x000000079ce00000)
  to   space 9216K, 0% used [0x000000079bb80000,0x000000079bb80000,0x000000079c480000)
 ParOldGen       total 58368K, used 7821K [0x0000000740000000, 0x0000000743900000, 0x0000000795580000)
  object space 58368K, 13% used [0x0000000740000000,0x00000007407a3450,0x0000000743900000)
 Metaspace       used 33324K, capacity 35328K, committed 35496K, reserved 1079296K
  class space    used 4595K, capacity 5021K, committed 5120K, reserved 1048576K
}
Event: 3.591 GC heap before
{Heap before GC invocations=12 (full 2):
 PSYoungGen      total 114176K, used 4112K [0x0000000795580000, 0x000000079d280000, 0x00000007c0000000)
  eden space 104448K, 0% used [0x0000000795580000,0x0000000795580000,0x000000079bb80000)
  from space 9728K, 42% used [0x000000079c480000,0x000000079c8840e0,0x000000079ce00000)
  to   space 9216K, 0% used [0x000000079bb80000,0x000000079bb80000,0x000000079c480000)
 ParOldGen       total 58368K, used 7821K [0x0000000740000000, 0x0000000743900000, 0x0000000795580000)
  object space 58368K, 13% used [0x0000000740000000,0x00000007407a3450,0x0000000743900000)
 Metaspace       used 33324K, capacity 35328K, committed 35496K, reserved 1079296K
  class space    used 4595K, capacity 5021K, committed 5120K, reserved 1048576K
Event: 3.633 GC heap after
Heap after GC invocations=12 (full 2):
 PSYoungGen      total 114176K, used 0K [0x0000000795580000, 0x000000079d280000, 0x00000007c0000000)
  eden space 104448K, 0% used [0x0000000795580000,0x0000000795580000,0x000000079bb80000)
  from space 9728K, 0% used [0x000000079c480000,0x000000079c480000,0x000000079ce00000)
  to   space 9216K, 0% used [0x000000079bb80000,0x000000079bb80000,0x000000079c480000)
 ParOldGen       total 85504K, used 10259K [0x0000000740000000, 0x0000000745380000, 0x0000000795580000)
  object space 85504K, 11% used [0x0000000740000000,0x0000000740a04d18,0x0000000745380000)
 Metaspace       used 33324K, capacity 35328K, committed 35496K, reserved 1079296K
  class space    used 4595K, capacity 5021K, committed 5120K, reserved 1048576K
}

