# JRE version: OpenJDK Runtime Environment (8.0_362) (build 1.8.0_362-bre_2023_01_22_03_30-b00)
# Java VM: OpenJDK 64-Bit Server VM (25.362-b00 mixed mode bsd-amd64 compressed oops)
Heap:
 PSYoungGen      total 164352K, used 33049K [0x0000000795580000, 0x00000007a2800000, 0x00000007c0000000)
  eden space 156160K, 21% used [0x0000000795580000,0x00000007975c6568,0x000000079ee00000)
  from space 8192K, 0% used [0x000000079f700000,0x000000079f700000,0x000000079ff00000)
  to   space 9216K, 0% used [0x000000079ee00000,0x000000079ee00000,0x000000079f700000)
 ParOldGen       total 92160K, used 13366K [0x0000000740000000, 0x0000000745a00000, 0x0000000795580000)
  object space 92160K, 14% used [0x0000000740000000,0x0000000740d0dab8,0x0000000745a00000)
 Metaspace       used 36310K, capacity 38786K, committed 38912K, reserved 1083392K
  class space    used 5064K, capacity 5554K, committed 5632K, reserved 1048576K
GC Heap History (10 events):
Event: 1.455 GC heap before
{Heap before GC invocations=6 (full 1):
 PSYoungGen      total 71680K, used 5093K [0x0000000795580000, 0x000000079e780000, 0x00000007c0000000)
  eden space 66560K, 0% used [0x0000000795580000,0x0000000795580000,0x0000000799680000)
  from space 5120K, 99% used [0x0000000799680000,0x0000000799b79680,0x0000000799b80000)
  to   space 8192K, 0% used [0x000000079df80000,0x000000079df80000,0x000000079e780000)
 ParOldGen       total 87552K, used 5210K [0x0000000740000000, 0x0000000745580000, 0x0000000795580000)
  object space 87552K, 5% used [0x0000000740000000,0x0000000740516838,0x0000000745580000)
 Metaspace       used 19815K, capacity 21176K, committed 21296K, reserved 1067008K
  class space    used 2575K, capacity 2860K, committed 2944K, reserved 1048576K
Event: 1.475 GC heap after
Heap after GC invocations=6 (full 1):
 PSYoungGen      total 71680K, used 0K [0x0000000795580000, 0x000000079e780000, 0x00000007c0000000)
  eden space 66560K, 0% used [0x0000000795580000,0x0000000795580000,0x0000000799680000)
  from space 5120K, 0% used [0x0000000799680000,0x0000000799680000,0x0000000799b80000)
  to   space 8192K, 0% used [0x000000079df80000,0x000000079df80000,0x000000079e780000)
 ParOldGen       total 57344K, used 6528K [0x0000000740000000, 0x0000000743800000, 0x0000000795580000)
  object space 57344K, 11% used [0x0000000740000000,0x0000000740660298,0x0000000743800000)
 Metaspace       used 19815K, capacity 21176K, committed 21296K, reserved 1067008K
  class space    used 2575K, capacity 2860K, committed 2944K, reserved 1048576K
}
Event: 1.877 GC heap before
{Heap before GC invocations=7 (full 1):
 PSYoungGen      total 71680K, used 66560K [0x0000000795580000, 0x000000079e780000, 0x00000007c0000000)
  eden space 66560K, 100% used [0x0000000795580000,0x0000000799680000,0x0000000799680000)
  from space 5120K, 0% used [0x0000000799680000,0x0000000799680000,0x0000000799b80000)
  to   space 8192K, 0% used [0x000000079df80000,0x000000079df80000,0x000000079e780000)
 ParOldGen       total 57344K, used 6528K [0x0000000740000000, 0x0000000743800000, 0x0000000795580000)
  object space 57344K, 11% used [0x0000000740000000,0x0000000740660298,0x0000000743800000)
 Metaspace       used 23422K, capacity 25194K, committed 25344K, reserved 1071104K
  class space    used 3155K, capacity 3542K, committed 3584K, reserved 1048576K
Event: 1.883 GC heap after
Heap after GC invocations=7 (full 1):
 PSYoungGen      total 107008K, used 3903K [0x0000000795580000, 0x000000079e380000, 0x00000007c0000000)
  eden space 102912K, 0% used [0x0000000795580000,0x0000000795580000,0x000000079ba00000)
  from space 4096K, 95% used [0x000000079df80000,0x000000079e34fdc8,0x000000079e380000)
  to   space 8704K, 0% used [0x000000079d280000,0x000000079d280000,0x000000079db00000)
 ParOldGen       total 57344K, used 6536K [0x0000000740000000, 0x0000000743800000, 0x0000000795580000)
  object space 57344K, 11% used [0x0000000740000000,0x0000000740662298,0x0000000743800000)
 Metaspace       used 23422K, capacity 25194K, committed 25344K, reserved 1071104K
  class space    used 3155K, capacity 3542K, committed 3584K, reserved 1048576K
}
Event: 2.348 GC heap before
{Heap before GC invocations=8 (full 1):
 PSYoungGen      total 107008K, used 106815K [0x0000000795580000, 0x000000079e380000, 0x00000007c0000000)
  eden space 102912K, 100% used [0x0000000795580000,0x000000079ba00000,0x000000079ba00000)
  from space 4096K, 95% used [0x000000079df80000,0x000000079e34fdc8,0x000000079e380000)
  to   space 8704K, 0% used [0x000000079d280000,0x000000079d280000,0x000000079db00000)
 ParOldGen       total 57344K, used 6536K [0x0000000740000000, 0x0000000743800000, 0x0000000795580000)
  object space 57344K, 11% used [0x0000000740000000,0x0000000740662298,0x0000000743800000)
 Metaspace       used 26503K, capacity 28314K, committed 28416K, reserved 1073152K
  class space    used 3727K, capacity 4092K, committed 4096K, reserved 1048576K
Event: 2.353 GC heap after
Heap after GC invocations=8 (full 1):
 PSYoungGen      total 136704K, used 5455K [0x0000000795580000, 0x000000079ff00000, 0x00000007c0000000)
  eden space 128000K, 0% used [0x0000000795580000,0x0000000795580000,0x000000079d280000)
  from space 8704K, 62% used [0x000000079d280000,0x000000079d7d3f30,0x000000079db00000)
  to   space 8192K, 0% used [0x000000079f700000,0x000000079f700000,0x000000079ff00000)
 ParOldGen       total 57344K, used 6544K [0x0000000740000000, 0x0000000743800000, 0x0000000795580000)
  object space 57344K, 11% used [0x0000000740000000,0x0000000740664298,0x0000000743800000)
 Metaspace       used 26503K, capacity 28314K, committed 28416K, reserved 1073152K
  class space    used 3727K, capacity 4092K, committed 4096K, reserved 1048576K
}
Event: 2.986 GC heap before
{Heap before GC invocations=9 (full 1):
 PSYoungGen      total 136704K, used 79092K [0x0000000795580000, 0x000000079ff00000, 0x00000007c0000000)
  eden space 128000K, 57% used [0x0000000795580000,0x0000000799d693e0,0x000000079d280000)
  from space 8704K, 62% used [0x000000079d280000,0x000000079d7d3f30,0x000000079db00000)
  to   space 8192K, 0% used [0x000000079f700000,0x000000079f700000,0x000000079ff00000)
 ParOldGen       total 57344K, used 6544K [0x0000000740000000, 0x0000000743800000, 0x0000000795580000)
  object space 57344K, 11% used [0x0000000740000000,0x0000000740664298,0x0000000743800000)
 Metaspace       used 33313K, capacity 35350K, committed 35496K, reserved 1079296K
  class space    used 4596K, capacity 5018K, committed 5120K, reserved 1048576K
Event: 2.998 GC heap after
Heap after GC invocations=9 (full 1):
 PSYoungGen      total 164352K, used 8182K [0x0000000795580000, 0x00000007a2800000, 0x00000007c0000000)
  eden space 156160K, 0% used [0x0000000795580000,0x0000000795580000,0x000000079ee00000)
  from space 8192K, 99% used [0x000000079f700000,0x000000079fefdaa0,0x000000079ff00000)
  to   space 9216K, 0% used [0x000000079ee00000,0x000000079ee00000,0x000000079f700000)
 ParOldGen       total 57344K, used 6861K [0x0000000740000000, 0x0000000743800000, 0x0000000795580000)
  object space 57344K, 11% used [0x0000000740000000,0x00000007406b3720,0x0000000743800000)
 Metaspace       used 33313K, capacity 35350K, committed 35496K, reserved 1079296K
  class space    used 4596K, capacity 5018K, committed 5120K, reserved 1048576K
}
Event: 2.998 GC heap before
{Heap before GC invocations=10 (full 2):
 PSYoungGen      total 164352K, used 8182K [0x0000000795580000, 0x00000007a2800000, 0x00000007c0000000)
  eden space 156160K, 0% used [0x0000000795580000,0x0000000795580000,0x000000079ee00000)
  from space 8192K, 99% used [0x000000079f700000,0x000000079fefdaa0,0x000000079ff00000)
  to   space 9216K, 0% used [0x000000079ee00000,0x000000079ee00000,0x000000079f700000)
 ParOldGen       total 57344K, used 6861K [0x0000000740000000, 0x0000000743800000, 0x0000000795580000)
  object space 57344K, 11% used [0x0000000740000000,0x00000007406b3720,0x0000000743800000)
 Metaspace       used 33313K, capacity 35350K, committed 35496K, reserved 1079296K
  class space    used 4596K, capacity 5018K, committed 5120K, reserved 1048576K
Event: 3.048 GC heap after
Heap after GC invocations=10 (full 2):
 PSYoungGen      total 164352K, used 0K [0x0000000795580000, 0x00000007a2800000, 0x00000007c0000000)
  eden space 156160K, 0% used [0x0000000795580000,0x0000000795580000,0x000000079ee00000)
  from space 8192K, 0% used [0x000000079f700000,0x000000079f700000,0x000000079ff00000)
  to   space 9216K, 0% used [0x000000079ee00000,0x000000079ee00000,0x000000079f700000)
 ParOldGen       total 92160K, used 13366K [0x0000000740000000, 0x0000000745a00000, 0x0000000795580000)
  object space 92160K, 14% used [0x0000000740000000,0x0000000740d0dab8,0x0000000745a00000)
 Metaspace       used 33313K, capacity 35350K, committed 35496K, reserved 1079296K
  class space    used 4596K, capacity 5018K, committed 5120K, reserved 1048576K
}

